2025-01-18T00:23:45.075Z [INFO]: Starting chat creation process.
2025-01-18T00:23:45.077Z [INFO]: Checking for existing chat with documentId: null
2025-01-18T00:23:45.164Z [INFO]: Existing chat found.
2025-01-18T00:25:45.851Z [INFO]: Starting chat creation process.
2025-01-18T00:25:45.951Z [INFO]: Chat created with ID: 678af5096a44c428f5a0c340
2025-01-18T00:25:46.046Z [INFO]: Chat added to user: 6753cc1572ba526378319e2a
2025-01-18T00:28:34.084Z [INFO]: Starting chat creation process.
2025-01-18T00:28:34.199Z [INFO]: Chat created with ID: 678af5b26a44c428f5a0c348
2025-01-18T00:28:34.297Z [INFO]: Chat added to user: 6753cc1572ba526378319e2a
2025-01-18T00:29:37.513Z [INFO]: Starting chat creation process.
2025-01-18T00:29:37.607Z [INFO]: Chat created with ID: 678af5f16a44c428f5a0c34c
2025-01-18T00:29:37.694Z [INFO]: Chat added to user: 6753cc1572ba526378319e2a
2025-01-18T00:32:28.218Z [INFO]: Starting chat creation process.
2025-01-18T00:32:28.319Z [INFO]: Chat created with ID: 678af69c6a44c428f5a0c350
2025-01-18T00:32:28.403Z [INFO]: Chat added to user: 6753cc1572ba526378319e2a
2025-01-18T00:32:42.278Z [INFO]: Starting chat creation process.
2025-01-18T00:32:42.372Z [INFO]: Chat created with ID: 678af6aa6a44c428f5a0c354
2025-01-18T00:32:42.469Z [INFO]: Chat added to user: 6753cc1572ba526378319e2a
2025-01-18T00:33:32.395Z [INFO]: Starting chat creation process.
2025-01-18T00:33:32.579Z [INFO]: Chat created with ID: 678af6dc6a44c428f5a0c358
2025-01-18T00:33:32.665Z [INFO]: Chat added to user: 6753cc1572ba526378319e2a
2025-01-18T00:33:32.760Z [INFO]: Attempting to send message to chat.
2025-01-18T00:33:32.851Z [INFO]: Added user message to chat ID: 678af6dc6a44c428f5a0c358
2025-01-18T00:33:32.853Z [ERROR]: Error sending message: Chat validation failed: messages.0.sender: `6753cc1572ba526378319e2a` is not a valid enum value for path `sender`.
2025-01-18T00:37:00.620Z [INFO]: Attempting to send message to chat.
2025-01-18T00:37:00.708Z [INFO]: Added user message to chat ID: 678af6dc6a44c428f5a0c358
2025-01-18T00:37:01.776Z [INFO]: AI response added to chat.
2025-01-18T00:37:08.228Z [INFO]: Fetching all chats for user.
2025-01-18T00:37:08.410Z [INFO]: Fetched 13 chats for user: 6753cc1572ba526378319e2a
2025-01-18T00:37:08.506Z [INFO]: Fetching all chats for user.
2025-01-18T00:37:08.691Z [INFO]: Fetched 13 chats for user: 6753cc1572ba526378319e2a
2025-01-18T00:37:08.780Z [INFO]: Fetching all chats for user.
2025-01-18T00:37:08.955Z [INFO]: Fetched 13 chats for user: 6753cc1572ba526378319e2a
2025-01-18T00:37:13.517Z [INFO]: Starting chat creation process.
2025-01-18T00:37:13.600Z [INFO]: Chat created with ID: 678af7b9e2732d172dc523a8
2025-01-18T00:37:13.685Z [INFO]: Chat added to user: 6753cc1572ba526378319e2a
2025-01-18T00:37:13.782Z [INFO]: Attempting to send message to chat.
2025-01-18T00:37:13.863Z [INFO]: Added user message to chat ID: 678af7b9e2732d172dc523a8
2025-01-18T00:37:14.662Z [INFO]: AI response added to chat.
2025-01-18T00:43:49.232Z [INFO]: Attempting to send message to chat.
2025-01-18T00:43:49.317Z [INFO]: Added user message to chat ID: 678af7b9e2732d172dc523a8
2025-01-18T00:43:50.337Z [INFO]: AI response added to chat.
2025-01-18T00:43:58.413Z [INFO]: Attempting to send message to chat.
2025-01-18T00:43:58.498Z [INFO]: Added user message to chat ID: 678af7b9e2732d172dc523a8
2025-01-18T00:43:59.297Z [INFO]: AI response added to chat.
2025-01-18T00:44:10.472Z [INFO]: Attempting to send message to chat.
2025-01-18T00:44:10.556Z [INFO]: Added user message to chat ID: 678af7b9e2732d172dc523a8
2025-01-18T00:44:12.048Z [INFO]: AI response added to chat.
2025-01-18T00:53:41.608Z [INFO]: Attempting to send message to chat.
2025-01-18T00:53:41.704Z [INFO]: Added user message to chat ID: 678af7b9e2732d172dc523a8
2025-01-18T00:53:44.064Z [INFO]: AI response added to chat.
2025-01-18T01:01:22.315Z [INFO]: Fetching all chats for user.
2025-01-18T01:01:22.490Z [INFO]: Fetched 14 chats for user: 6753cc1572ba526378319e2a
2025-01-18T01:01:22.591Z [INFO]: Fetching all chats for user.
2025-01-18T01:01:22.784Z [INFO]: Fetched 14 chats for user: 6753cc1572ba526378319e2a
2025-01-18T01:01:22.876Z [INFO]: Fetching all chats for user.
2025-01-18T01:01:23.071Z [INFO]: Fetched 14 chats for user: 6753cc1572ba526378319e2a
2025-01-18T01:01:31.729Z [INFO]: Starting chat creation process.
2025-01-18T01:01:31.837Z [INFO]: Chat created with ID: 678afd6be2732d172dc5244f
2025-01-18T01:01:31.920Z [INFO]: Chat added to user: 6753cc1572ba526378319e2a
2025-01-18T01:01:32.022Z [INFO]: Attempting to send message to chat.
2025-01-18T01:01:32.106Z [INFO]: Added user message to chat ID: 678afd6be2732d172dc5244f
2025-01-18T01:01:32.967Z [INFO]: AI response added to chat.
2025-01-18T01:03:37.266Z [INFO]: Attempting to send message to chat.
2025-01-18T01:03:37.350Z [INFO]: Added user message to chat ID: 678afd6be2732d172dc5244f
2025-01-18T01:03:42.043Z [INFO]: AI response added to chat.
2025-01-18T01:04:51.276Z [INFO]: Attempting to send message to chat.
2025-01-18T01:04:51.362Z [INFO]: Added user message to chat ID: 678afd6be2732d172dc5244f
2025-01-18T01:04:56.634Z [INFO]: AI response added to chat.
2025-01-18T01:19:29.445Z [INFO]: Attempting to send message to chat.
2025-01-18T01:19:29.541Z [INFO]: Added user message to chat ID: 678afd6be2732d172dc5244f
2025-01-18T01:19:30.828Z [INFO]: AI response added to chat.
2025-01-18T01:21:58.971Z [INFO]: Fetching all chats for user.
2025-01-18T01:21:59.229Z [INFO]: Fetched 15 chats for user: 6753cc1572ba526378319e2a
2025-01-18T01:21:59.332Z [INFO]: Fetching all chats for user.
2025-01-18T01:21:59.503Z [INFO]: Fetched 15 chats for user: 6753cc1572ba526378319e2a
2025-01-18T01:21:59.588Z [INFO]: Fetching all chats for user.
2025-01-18T01:21:59.753Z [INFO]: Fetched 15 chats for user: 6753cc1572ba526378319e2a
2025-01-18T05:49:03.898Z [INFO]: Starting chat creation process.
2025-01-18T05:49:04.001Z [INFO]: Chat created with ID: 678b40cfe2732d172dc52520
2025-01-18T05:49:04.101Z [INFO]: Chat added to user: 6753cc1572ba526378319e2a
2025-01-18T05:49:04.203Z [INFO]: Attempting to send message to chat.
2025-01-18T05:49:04.293Z [INFO]: Added user message to chat ID: 678b40cfe2732d172dc52520
2025-01-18T05:49:05.897Z [INFO]: AI response added to chat.
2025-02-04T00:07:21.610Z [INFO]: Fetching all chats for user.
2025-02-04T00:07:21.881Z [INFO]: Fetched 16 chats for user: 6753cc1572ba526378319e2a
2025-02-04T00:07:21.966Z [INFO]: Fetching all chats for user.
2025-02-04T00:07:22.150Z [INFO]: Fetched 16 chats for user: 6753cc1572ba526378319e2a
2025-02-04T00:07:39.973Z [INFO]: Starting chat creation process.
2025-02-04T00:07:39.974Z [INFO]: Checking for existing chat with documentId: 67832f79b92476d3d1746458
2025-02-04T00:07:40.062Z [INFO]: Existing chat found.
2025-02-04T00:07:40.167Z [INFO]: Attempting to send message to chat.
2025-02-04T00:07:40.264Z [INFO]: Added user message to chat ID: 6788400491cfae1d184dd402
2025-02-04T00:07:41.615Z [INFO]: Attempting to send message to chat.
2025-02-04T00:07:41.703Z [INFO]: Added user message to chat ID: 6788400491cfae1d184dd402
2025-02-04T00:07:42.087Z [INFO]: AI response added to chat.
2025-02-04T00:07:42.930Z [INFO]: AI response added to chat.
2025-02-04T00:07:59.102Z [INFO]: Attempting to send message to chat.
2025-02-04T00:07:59.186Z [INFO]: Added user message to chat ID: 6788400491cfae1d184dd402
2025-02-04T00:08:01.803Z [INFO]: AI response added to chat.
2025-02-04T00:09:30.662Z [INFO]: Starting chat creation process.
2025-02-04T00:09:30.756Z [INFO]: Chat created with ID: 67a15aba578381e94a3067ac
2025-02-04T00:09:30.851Z [INFO]: Chat added to user: 6753cc1572ba526378319e2a
2025-02-04T00:09:30.960Z [INFO]: Attempting to send message to chat.
2025-02-04T00:09:31.044Z [INFO]: Added user message to chat ID: 67a15aba578381e94a3067ac
2025-02-04T00:09:32.331Z [INFO]: AI response added to chat.
2025-02-04T19:28:10.240Z [INFO]: Fetching all chats for user.
2025-02-04T19:28:10.503Z [INFO]: Fetched 17 chats for user: 6753cc1572ba526378319e2a
2025-02-04T19:28:10.593Z [INFO]: Fetching all chats for user.
2025-02-04T19:28:10.781Z [INFO]: Fetched 17 chats for user: 6753cc1572ba526378319e2a
2025-02-04T19:28:21.956Z [INFO]: Starting chat creation process.
2025-02-04T19:28:22.062Z [INFO]: Chat created with ID: 67a26a55578381e94a306a47
2025-02-04T19:28:22.156Z [INFO]: Chat added to user: 6753cc1572ba526378319e2a
2025-02-04T19:28:22.255Z [INFO]: Attempting to send message to chat.
2025-02-04T19:28:22.358Z [INFO]: Added user message to chat ID: 67a26a55578381e94a306a47
2025-02-04T19:28:24.449Z [INFO]: AI response added to chat.
2025-02-04T19:36:29.811Z [INFO]: Fetching all chats for user.
2025-02-04T19:36:30.082Z [INFO]: Fetched 18 chats for user: 6753cc1572ba526378319e2a
2025-02-04T19:36:30.172Z [INFO]: Fetching all chats for user.
2025-02-04T19:36:30.356Z [INFO]: Fetched 18 chats for user: 6753cc1572ba526378319e2a
2025-02-04T19:36:30.439Z [INFO]: Fetching all chats for user.
2025-02-04T19:36:30.611Z [INFO]: Fetched 18 chats for user: 6753cc1572ba526378319e2a
2025-02-04T19:36:39.683Z [INFO]: Starting chat creation process.
2025-02-04T19:36:39.791Z [INFO]: Chat created with ID: 67a26c47578381e94a306b4e
2025-02-04T19:36:39.876Z [INFO]: Chat added to user: 6753cc1572ba526378319e2a
2025-02-04T19:36:39.980Z [INFO]: Attempting to send message to chat.
2025-02-04T19:36:40.067Z [INFO]: Added user message to chat ID: 67a26c47578381e94a306b4e
2025-02-04T19:36:41.083Z [INFO]: AI response added to chat.
2025-02-04T19:37:25.421Z [INFO]: Attempting to send message to chat.
2025-02-04T19:37:25.513Z [INFO]: Added user message to chat ID: 67a26c47578381e94a306b4e
2025-02-04T19:37:27.244Z [INFO]: AI response added to chat.
2025-02-04T19:40:51.038Z [INFO]: Attempting to send message to chat.
2025-02-04T19:40:51.127Z [INFO]: Added user message to chat ID: 67a26c47578381e94a306b4e
2025-02-04T19:40:54.203Z [INFO]: AI response added to chat.
2025-02-04T19:41:37.847Z [INFO]: Attempting to send message to chat.
2025-02-04T19:41:37.939Z [INFO]: Added user message to chat ID: 67a26c47578381e94a306b4e
2025-02-04T19:41:40.786Z [INFO]: AI response added to chat.
2025-02-04T19:44:22.656Z [INFO]: Attempting to send message to chat.
2025-02-04T19:44:22.747Z [INFO]: Added user message to chat ID: 67a26c47578381e94a306b4e
2025-02-04T19:44:24.942Z [INFO]: AI response added to chat.
2025-02-04T19:45:25.305Z [INFO]: Attempting to send message to chat.
2025-02-04T19:45:25.429Z [INFO]: Added user message to chat ID: 67a26c47578381e94a306b4e
2025-02-04T19:45:28.335Z [INFO]: AI response added to chat.
2025-02-04T19:46:28.581Z [INFO]: Fetching all chats for user.
2025-02-04T19:46:28.833Z [INFO]: Fetched 19 chats for user: 6753cc1572ba526378319e2a
2025-02-04T19:46:28.931Z [INFO]: Fetching all chats for user.
2025-02-04T19:46:29.115Z [INFO]: Fetched 19 chats for user: 6753cc1572ba526378319e2a
2025-02-04T19:46:29.205Z [INFO]: Fetching all chats for user.
2025-02-04T19:46:29.371Z [INFO]: Fetched 19 chats for user: 6753cc1572ba526378319e2a
2025-02-04T19:46:44.298Z [INFO]: Starting chat creation process.
2025-02-04T19:46:44.395Z [INFO]: Chat created with ID: 67a26ea46b0201e9e6944d71
2025-02-04T19:46:44.488Z [INFO]: Chat added to user: 6753cc1572ba526378319e2a
2025-02-04T19:46:44.594Z [INFO]: Attempting to send message to chat.
2025-02-04T19:46:44.677Z [INFO]: Added user message to chat ID: 67a26ea46b0201e9e6944d71
2025-02-04T19:46:49.888Z [INFO]: AI response added to chat.
2025-02-04T19:56:31.116Z [INFO]: Attempting to send message to chat.
2025-02-04T19:56:31.210Z [INFO]: Added user message to chat ID: 67a26ea46b0201e9e6944d71
2025-02-04T19:56:32.702Z [INFO]: AI response added to chat.
2025-02-04T20:14:05.172Z [INFO]: Starting chat creation process.
2025-02-04T20:14:05.269Z [INFO]: Chat created with ID: 67a2750d6b0201e9e6944d83
2025-02-04T20:14:05.357Z [INFO]: Chat added to user: 6753cc1572ba526378319e2a
2025-02-04T20:14:05.455Z [INFO]: Attempting to send message to chat.
2025-02-04T20:14:05.536Z [INFO]: Added user message to chat ID: 67a2750d6b0201e9e6944d83
2025-02-04T20:14:07.429Z [INFO]: AI response added to chat.
2025-02-04T20:14:36.969Z [INFO]: Attempting to send message to chat.
2025-02-04T20:14:37.053Z [INFO]: Added user message to chat ID: 67a2750d6b0201e9e6944d83
2025-02-04T20:14:44.466Z [INFO]: AI response added to chat.
2025-02-04T20:15:03.463Z [INFO]: Attempting to send message to chat.
2025-02-04T20:15:03.551Z [INFO]: Added user message to chat ID: 67a2750d6b0201e9e6944d83
2025-02-04T20:15:07.235Z [INFO]: AI response added to chat.
2025-02-04T20:16:07.978Z [INFO]: Starting chat creation process.
2025-02-04T20:16:08.078Z [INFO]: Chat created with ID: 67a275876b0201e9e6944d9f
2025-02-04T20:16:08.170Z [INFO]: Chat added to user: 6753cc1572ba526378319e2a
2025-02-04T20:16:08.269Z [INFO]: Attempting to send message to chat.
2025-02-04T20:16:08.355Z [INFO]: Added user message to chat ID: 67a275876b0201e9e6944d9f
2025-02-04T20:16:09.698Z [INFO]: AI response added to chat.
2025-02-04T20:17:06.579Z [INFO]: Attempting to send message to chat.
2025-02-04T20:17:06.661Z [INFO]: Added user message to chat ID: 67a275876b0201e9e6944d9f
2025-02-04T20:17:08.772Z [INFO]: AI response added to chat.
2025-02-04T20:29:39.560Z [INFO]: Fetching all chats for user.
2025-02-04T20:29:39.830Z [INFO]: Fetched 22 chats for user: 6753cc1572ba526378319e2a
2025-02-04T20:29:39.917Z [INFO]: Fetching all chats for user.
2025-02-04T20:29:40.089Z [INFO]: Fetched 22 chats for user: 6753cc1572ba526378319e2a
2025-02-04T20:29:40.178Z [INFO]: Fetching all chats for user.
2025-02-04T20:29:40.342Z [INFO]: Fetched 22 chats for user: 6753cc1572ba526378319e2a
2025-02-04T20:29:51.379Z [INFO]: Starting chat creation process.
2025-02-04T20:29:51.479Z [INFO]: Chat created with ID: 67a278bf6b0201e9e6944f64
2025-02-04T20:29:51.565Z [INFO]: Chat added to user: 6753cc1572ba526378319e2a
2025-02-04T20:29:51.663Z [INFO]: Attempting to send message to chat.
2025-02-04T20:29:51.748Z [INFO]: Added user message to chat ID: 67a278bf6b0201e9e6944f64
2025-02-04T20:29:53.359Z [INFO]: AI response added to chat.
2025-02-04T20:31:18.006Z [INFO]: Attempting to send message to chat.
2025-02-04T20:31:18.091Z [INFO]: Added user message to chat ID: 67a278bf6b0201e9e6944f64
2025-02-04T20:31:23.575Z [INFO]: AI response added to chat.
2025-02-04T20:36:16.724Z [INFO]: Attempting to send message to chat.
2025-02-04T20:36:16.807Z [INFO]: Added user message to chat ID: 67a278bf6b0201e9e6944f64
2025-02-04T20:36:20.246Z [INFO]: AI response added to chat.
2025-02-04T20:38:17.791Z [INFO]: Attempting to send message to chat.
2025-02-04T20:38:17.871Z [INFO]: Added user message to chat ID: 67a278bf6b0201e9e6944f64
2025-02-04T20:38:21.832Z [INFO]: AI response added to chat.
2025-02-04T20:38:50.793Z [INFO]: Attempting to send message to chat.
2025-02-04T20:38:50.878Z [INFO]: Added user message to chat ID: 67a278bf6b0201e9e6944f64
2025-02-04T20:38:53.632Z [INFO]: AI response added to chat.
2025-02-04T20:39:58.609Z [INFO]: Attempting to send message to chat.
2025-02-04T20:39:58.696Z [INFO]: Added user message to chat ID: 67a278bf6b0201e9e6944f64
2025-02-04T20:40:01.929Z [INFO]: AI response added to chat.
2025-02-04T20:43:17.167Z [INFO]: Starting chat creation process.
2025-02-04T20:43:17.271Z [INFO]: Chat created with ID: 67a27be56b0201e9e6944faa
2025-02-04T20:43:17.355Z [INFO]: Chat added to user: 6753cc1572ba526378319e2a
2025-02-04T20:43:17.455Z [INFO]: Attempting to send message to chat.
2025-02-04T20:43:17.540Z [INFO]: Added user message to chat ID: 67a27be56b0201e9e6944faa
2025-02-04T20:43:21.823Z [INFO]: AI response added to chat.
2025-02-04T20:43:31.286Z [INFO]: Attempting to send message to chat.
2025-02-04T20:43:31.372Z [INFO]: Added user message to chat ID: 67a27be56b0201e9e6944faa
2025-02-04T20:43:34.722Z [INFO]: AI response added to chat.
2025-02-04T20:46:29.970Z [INFO]: Fetching all chats for user.
2025-02-04T20:46:30.313Z [INFO]: Fetched 24 chats for user: 6753cc1572ba526378319e2a
2025-02-04T20:46:30.404Z [INFO]: Fetching all chats for user.
2025-02-04T20:46:30.570Z [INFO]: Fetched 24 chats for user: 6753cc1572ba526378319e2a
2025-02-04T20:46:30.655Z [INFO]: Fetching all chats for user.
2025-02-04T20:46:30.835Z [INFO]: Fetched 24 chats for user: 6753cc1572ba526378319e2a
2025-02-04T20:46:43.620Z [INFO]: Starting chat creation process.
2025-02-04T20:46:43.716Z [INFO]: Chat created with ID: 67a27cb36b0201e9e69451df
2025-02-04T20:46:43.812Z [INFO]: Chat added to user: 6753cc1572ba526378319e2a
2025-02-04T20:46:43.912Z [INFO]: Attempting to send message to chat.
2025-02-04T20:46:43.995Z [INFO]: Added user message to chat ID: 67a27cb36b0201e9e69451df
2025-02-04T20:46:47.048Z [INFO]: AI response added to chat.
2025-02-04T20:46:55.419Z [INFO]: Attempting to send message to chat.
2025-02-04T20:46:55.507Z [INFO]: Added user message to chat ID: 67a27cb36b0201e9e69451df
2025-02-04T20:46:59.317Z [INFO]: AI response added to chat.
2025-02-04T20:51:45.134Z [INFO]: Attempting to send message to chat.
2025-02-04T20:51:45.218Z [INFO]: Added user message to chat ID: 67a27cb36b0201e9e69451df
2025-02-04T20:51:49.919Z [INFO]: AI response added to chat.
2025-02-04T21:18:54.502Z [INFO]: Fetching all chats for user.
2025-02-04T21:18:54.863Z [INFO]: Fetched 25 chats for user: 6753cc1572ba526378319e2a
2025-02-04T21:18:54.949Z [INFO]: Fetching all chats for user.
2025-02-04T21:18:55.139Z [INFO]: Fetched 25 chats for user: 6753cc1572ba526378319e2a
2025-02-04T21:54:29.997Z [INFO]: Starting chat creation process.
2025-02-04T21:54:29.998Z [INFO]: Checking for existing chat with documentId: 6753d55772ba526378319e3e
2025-02-04T21:54:30.085Z [INFO]: Existing chat found.
2025-02-04T21:54:30.187Z [INFO]: Attempting to send message to chat.
2025-02-04T21:54:30.272Z [INFO]: Added user message to chat ID: 678842de88f8acc12897956a
2025-02-04T21:54:32.064Z [INFO]: AI response added to chat.
2025-02-05T00:20:41.232Z [INFO]: Fetching all chats for user.
2025-02-05T00:20:41.586Z [INFO]: Fetched 25 chats for user: 6753cc1572ba526378319e2a
2025-02-05T00:20:41.701Z [INFO]: Fetching all chats for user.
2025-02-05T00:20:41.900Z [INFO]: Fetched 25 chats for user: 6753cc1572ba526378319e2a
2025-02-05T21:50:15.232Z [INFO]: Fetching all chats for user.
2025-02-05T21:50:15.322Z [INFO]: Fetched 1 chats for user: 67a3c61a81211dd4d046f86f
2025-02-05T21:50:15.411Z [INFO]: Fetching all chats for user.
2025-02-05T21:50:15.493Z [INFO]: Fetched 1 chats for user: 67a3c61a81211dd4d046f86f
2025-02-05T22:17:39.814Z [INFO]: Fetching all chats for user.
2025-02-05T22:17:39.914Z [INFO]: Fetched 1 chats for user: 67a3c61a81211dd4d046f86f
2025-02-05T22:17:40.017Z [INFO]: Fetching all chats for user.
2025-02-05T22:17:40.103Z [INFO]: Fetched 1 chats for user: 67a3c61a81211dd4d046f86f
2025-02-05T22:35:34.709Z [INFO]: Fetching all chats for user.
2025-02-05T22:35:34.837Z [INFO]: Fetched 1 chats for user: 67a3c61a81211dd4d046f86f
2025-02-05T22:35:34.951Z [INFO]: Fetching all chats for user.
2025-02-05T22:35:35.119Z [INFO]: Fetched 1 chats for user: 67a3c61a81211dd4d046f86f
2025-02-06T03:39:49.673Z [INFO]: Fetching all chats for user.
2025-02-06T03:39:49.766Z [INFO]: Fetched 1 chats for user: 67a3c61a81211dd4d046f86f
2025-02-06T03:39:49.939Z [INFO]: Fetching all chats for user.
2025-02-06T03:39:50.036Z [INFO]: Fetched 1 chats for user: 67a3c61a81211dd4d046f86f
2025-02-07T01:16:11.383Z [INFO]: Fetching all chats for user.
2025-02-07T01:16:11.638Z [INFO]: Fetched 1 chats for user: 67a3c61a81211dd4d046f86f
2025-02-07T01:16:11.750Z [INFO]: Fetching all chats for user.
2025-02-07T01:16:11.837Z [INFO]: Fetched 1 chats for user: 67a3c61a81211dd4d046f86f
2025-02-07T01:16:11.926Z [INFO]: Fetching all chats for user.
2025-02-07T01:16:12.119Z [INFO]: Fetched 1 chats for user: 67a3c61a81211dd4d046f86f
2025-02-07T01:17:54.165Z [INFO]: Fetching all chats for user.
2025-02-07T01:17:54.358Z [INFO]: Fetched 1 chats for user: 67a3c61a81211dd4d046f86f
2025-02-07T01:17:54.448Z [INFO]: Fetching all chats for user.
2025-02-07T01:17:54.539Z [INFO]: Fetched 1 chats for user: 67a3c61a81211dd4d046f86f
2025-02-07T04:59:09.037Z [INFO]: Fetching all chats for user.
2025-02-07T04:59:09.275Z [INFO]: Fetched 1 chats for user: 67a3c61a81211dd4d046f86f
2025-02-07T04:59:09.386Z [INFO]: Fetching all chats for user.
2025-02-07T04:59:09.466Z [INFO]: Fetched 1 chats for user: 67a3c61a81211dd4d046f86f
2025-02-07T04:59:09.553Z [INFO]: Fetching all chats for user.
2025-02-07T04:59:09.647Z [INFO]: Fetched 1 chats for user: 67a3c61a81211dd4d046f86f
2025-02-07T04:59:09.883Z [INFO]: Fetching all chats for user.
2025-02-07T04:59:09.966Z [INFO]: Fetched 1 chats for user: 67a3c61a81211dd4d046f86f
2025-02-07T05:05:07.665Z [INFO]: Fetching all chats for user.
2025-02-07T05:05:07.907Z [INFO]: Fetched 1 chats for user: 67a3c61a81211dd4d046f86f
2025-02-07T05:05:08.097Z [INFO]: Fetching all chats for user.
2025-02-07T05:05:08.411Z [INFO]: Fetched 1 chats for user: 67a3c61a81211dd4d046f86f
2025-02-07T05:05:08.610Z [INFO]: Fetching all chats for user.
2025-02-07T05:05:08.704Z [INFO]: Fetched 1 chats for user: 67a3c61a81211dd4d046f86f
2025-02-07T05:05:08.929Z [INFO]: Fetching all chats for user.
2025-02-07T05:05:09.141Z [INFO]: Fetched 1 chats for user: 67a3c61a81211dd4d046f86f
2025-02-07T05:05:09.242Z [INFO]: Fetching all chats for user.
2025-02-07T05:05:09.451Z [INFO]: Fetched 1 chats for user: 67a3c61a81211dd4d046f86f
2025-02-07T05:05:09.546Z [INFO]: Fetching all chats for user.
2025-02-07T05:05:09.633Z [INFO]: Fetched 1 chats for user: 67a3c61a81211dd4d046f86f
2025-02-07T05:10:03.581Z [INFO]: Fetching all chats for user.
2025-02-07T05:10:03.700Z [INFO]: Fetched 1 chats for user: 67a3c61a81211dd4d046f86f
2025-02-07T05:10:03.816Z [INFO]: Fetching all chats for user.
2025-02-07T05:10:03.908Z [INFO]: Fetched 1 chats for user: 67a3c61a81211dd4d046f86f
2025-02-07T05:10:04.122Z [INFO]: Fetching all chats for user.
2025-02-07T05:10:04.217Z [INFO]: Fetched 1 chats for user: 67a3c61a81211dd4d046f86f
2025-02-07T05:10:04.626Z [INFO]: Fetching all chats for user.
2025-02-07T05:10:04.736Z [INFO]: Fetched 1 chats for user: 67a3c61a81211dd4d046f86f
2025-02-07T05:10:04.890Z [INFO]: Fetching all chats for user.
2025-02-07T05:10:04.980Z [INFO]: Fetched 1 chats for user: 67a3c61a81211dd4d046f86f
2025-02-07T05:10:05.144Z [INFO]: Fetching all chats for user.
2025-02-07T05:10:05.230Z [INFO]: Fetched 1 chats for user: 67a3c61a81211dd4d046f86f
2025-02-07T23:16:15.754Z [INFO]: Fetching all chats for user.
2025-02-07T23:16:15.851Z [INFO]: Fetched 1 chats for user: 67a3c61a81211dd4d046f86f
2025-02-07T23:16:15.955Z [INFO]: Fetching all chats for user.
2025-02-07T23:16:16.045Z [INFO]: Fetched 1 chats for user: 67a3c61a81211dd4d046f86f
2025-02-08T05:09:45.122Z [INFO]: Fetching all chats for user.
2025-02-08T05:09:45.211Z [INFO]: Fetched 1 chats for user: 67a3c61a81211dd4d046f86f
2025-02-08T05:09:45.368Z [INFO]: Fetching all chats for user.
2025-02-08T05:09:45.463Z [INFO]: Fetched 1 chats for user: 67a3c61a81211dd4d046f86f
2025-02-08T20:59:35.607Z [INFO]: Fetching all chats for user.
2025-02-08T20:59:35.696Z [INFO]: Fetched 1 chats for user: 67a3c61a81211dd4d046f86f
2025-02-08T20:59:35.786Z [INFO]: Fetching all chats for user.
2025-02-08T20:59:35.872Z [INFO]: Fetched 1 chats for user: 67a3c61a81211dd4d046f86f
2025-02-09T05:06:59.401Z [INFO]: Fetching all chats for user.
2025-02-09T05:06:59.493Z [INFO]: Fetched 1 chats for user: 67a3c61a81211dd4d046f86f
2025-02-09T05:06:59.586Z [INFO]: Fetching all chats for user.
2025-02-09T05:06:59.680Z [INFO]: Fetched 1 chats for user: 67a3c61a81211dd4d046f86f
2025-02-09T05:15:30.246Z [INFO]: Fetching all chats for user.
2025-02-09T05:15:30.338Z [INFO]: Fetched 1 chats for user: 67a3c61a81211dd4d046f86f
2025-02-09T05:15:30.449Z [INFO]: Fetching all chats for user.
2025-02-09T05:15:30.541Z [INFO]: Fetched 1 chats for user: 67a3c61a81211dd4d046f86f
2025-02-11T02:31:28.407Z [INFO]: Fetching all chats for user.
2025-02-11T02:31:28.507Z [INFO]: Fetched 1 chats for user: 67a3c61a81211dd4d046f86f
2025-02-11T02:31:28.604Z [INFO]: Fetching all chats for user.
2025-02-11T02:31:28.775Z [INFO]: Fetched 1 chats for user: 67a3c61a81211dd4d046f86f
2025-02-11T02:38:24.889Z [INFO]: Fetching all chats for user.
2025-02-11T02:38:24.971Z [INFO]: Fetched 1 chats for user: 67a3c61a81211dd4d046f86f
2025-02-11T02:38:25.147Z [INFO]: Fetching all chats for user.
2025-02-11T02:38:25.235Z [INFO]: Fetched 1 chats for user: 67a3c61a81211dd4d046f86f
2025-02-11T02:56:20.825Z [INFO]: Fetching all chats for user.
2025-02-11T02:56:20.915Z [INFO]: Fetched 1 chats for user: 67a3c61a81211dd4d046f86f
2025-02-11T02:56:21.007Z [INFO]: Fetching all chats for user.
2025-02-11T02:56:21.093Z [INFO]: Fetched 1 chats for user: 67a3c61a81211dd4d046f86f
2025-02-11T02:58:13.949Z [INFO]: Fetching all chats for user.
2025-02-11T02:58:14.072Z [INFO]: Fetched 1 chats for user: 67a3c61a81211dd4d046f86f
2025-02-11T02:58:14.176Z [INFO]: Fetching all chats for user.
2025-02-11T02:58:14.267Z [INFO]: Fetched 1 chats for user: 67a3c61a81211dd4d046f86f
2025-02-11T02:58:50.859Z [INFO]: Fetching all chats for user.
2025-02-11T02:58:50.953Z [INFO]: Fetched 1 chats for user: 67a3c61a81211dd4d046f86f
2025-02-11T02:58:51.043Z [INFO]: Fetching all chats for user.
2025-02-11T02:58:51.131Z [INFO]: Fetched 1 chats for user: 67a3c61a81211dd4d046f86f
2025-02-11T02:58:51.293Z [INFO]: Fetching all chats for user.
2025-02-11T02:58:51.380Z [INFO]: Fetched 1 chats for user: 67a3c61a81211dd4d046f86f
2025-02-11T03:00:07.082Z [INFO]: Fetching all chats for user.
2025-02-11T03:00:07.175Z [INFO]: Fetched 1 chats for user: 67a3c61a81211dd4d046f86f
2025-02-11T03:00:07.317Z [INFO]: Fetching all chats for user.
2025-02-11T03:00:07.407Z [INFO]: Fetched 1 chats for user: 67a3c61a81211dd4d046f86f
2025-02-11T03:00:07.490Z [INFO]: Fetching all chats for user.
2025-02-11T03:00:07.574Z [INFO]: Fetched 1 chats for user: 67a3c61a81211dd4d046f86f
2025-02-11T03:04:33.364Z [INFO]: Starting chat creation process.
2025-02-11T03:04:33.365Z [INFO]: Checking for existing chat with documentId: 67aabc02c1fc98e658333daa
2025-02-11T03:04:33.543Z [INFO]: Chat created with ID: 67aabe41c1fc98e658333eac
2025-02-11T03:04:33.651Z [INFO]: Chat added to user: 67a3c61a81211dd4d046f86f
2025-02-11T03:04:33.651Z [ERROR]: Error creating chat: Document is not defined
2025-02-11T03:06:23.015Z [INFO]: Starting chat creation process.
2025-02-11T03:06:23.015Z [INFO]: Checking for existing chat with documentId: 67aabc02c1fc98e658333daa
2025-02-11T03:06:23.101Z [INFO]: Existing chat found.
2025-02-11T03:06:53.946Z [INFO]: Starting chat creation process.
2025-02-11T03:06:53.946Z [INFO]: Checking for existing chat with documentId: 67aabc02c1fc98e658333daa
2025-02-11T03:06:54.158Z [INFO]: Chat created with ID: 67aabecec1fc98e658333ebf
2025-02-11T03:06:54.250Z [INFO]: Chat added to user: 67a3c61a81211dd4d046f86f
2025-02-11T03:06:54.250Z [ERROR]: Error creating chat: Document is not defined
2025-02-11T03:08:13.158Z [INFO]: Starting chat creation process.
2025-02-11T03:08:13.158Z [INFO]: Checking for existing chat with documentId: 67aabc02c1fc98e658333daa
2025-02-11T03:08:13.324Z [INFO]: Existing chat found.
2025-02-11T03:08:19.934Z [INFO]: Starting chat creation process.
2025-02-11T03:08:19.934Z [INFO]: Checking for existing chat with documentId: 67aabc02c1fc98e658333daa
2025-02-11T03:08:20.025Z [INFO]: Existing chat found.
2025-02-11T03:11:54.934Z [INFO]: Fetching all chats for user.
2025-02-11T03:11:55.099Z [INFO]: Fetched 0 chats for user: 67a3c61a81211dd4d046f86f
2025-02-11T03:11:55.199Z [INFO]: Fetching all chats for user.
2025-02-11T03:11:55.292Z [INFO]: Fetched 0 chats for user: 67a3c61a81211dd4d046f86f
2025-02-11T03:20:58.144Z [INFO]: Fetching all chats for user.
2025-02-11T03:20:58.256Z [INFO]: Fetched 0 chats for user: 67a3c61a81211dd4d046f86f
2025-02-11T03:20:58.349Z [INFO]: Fetching all chats for user.
2025-02-11T03:20:58.442Z [INFO]: Fetched 0 chats for user: 67a3c61a81211dd4d046f86f
2025-02-11T03:20:58.539Z [INFO]: Fetching all chats for user.
2025-02-11T03:20:58.621Z [INFO]: Fetched 0 chats for user: 67a3c61a81211dd4d046f86f
2025-02-11T03:21:28.752Z [INFO]: Fetching all chats for user.
2025-02-11T03:21:28.841Z [INFO]: Fetched 0 chats for user: 67a3c61a81211dd4d046f86f
2025-02-11T03:21:28.931Z [INFO]: Fetching all chats for user.
2025-02-11T03:21:29.021Z [INFO]: Fetched 0 chats for user: 67a3c61a81211dd4d046f86f
2025-02-11T03:21:29.187Z [INFO]: Fetching all chats for user.
2025-02-11T03:21:29.275Z [INFO]: Fetched 0 chats for user: 67a3c61a81211dd4d046f86f
2025-02-11T03:21:36.082Z [INFO]: Starting chat creation process.
2025-02-11T03:21:36.082Z [INFO]: Checking for existing chat with documentId: 67aac0bbc1fc98e658333f0d
2025-02-11T03:21:36.310Z [INFO]: Chat created with ID: 67aac240c1fc98e658333f6f
2025-02-11T03:21:36.402Z [INFO]: Chat added to user: 67a3c61a81211dd4d046f86f
2025-02-11T03:21:36.402Z [ERROR]: Error creating chat: Document is not defined
2025-02-11T03:22:02.951Z [INFO]: Fetching all chats for user.
2025-02-11T03:22:03.130Z [INFO]: Fetched 1 chats for user: 67a3c61a81211dd4d046f86f
2025-02-11T03:22:03.268Z [INFO]: Fetching all chats for user.
2025-02-11T03:22:03.439Z [INFO]: Fetched 1 chats for user: 67a3c61a81211dd4d046f86f
2025-02-11T03:22:03.522Z [INFO]: Fetching all chats for user.
2025-02-11T03:22:03.692Z [INFO]: Fetched 1 chats for user: 67a3c61a81211dd4d046f86f
2025-02-11T03:22:56.909Z [INFO]: Fetching all chats for user.
2025-02-11T03:22:57.076Z [INFO]: Fetched 1 chats for user: 67a3c61a81211dd4d046f86f
2025-02-11T03:22:57.163Z [INFO]: Fetching all chats for user.
2025-02-11T03:22:57.351Z [INFO]: Fetched 1 chats for user: 67a3c61a81211dd4d046f86f
2025-02-11T03:22:57.431Z [INFO]: Fetching all chats for user.
2025-02-11T03:22:57.595Z [INFO]: Fetched 1 chats for user: 67a3c61a81211dd4d046f86f
2025-02-11T03:23:31.548Z [INFO]: Fetching all chats for user.
2025-02-11T03:23:31.721Z [INFO]: Fetched 1 chats for user: 67a3c61a81211dd4d046f86f
2025-02-11T03:23:31.870Z [INFO]: Fetching all chats for user.
2025-02-11T03:23:32.051Z [INFO]: Fetched 1 chats for user: 67a3c61a81211dd4d046f86f
2025-02-11T03:23:32.141Z [INFO]: Fetching all chats for user.
2025-02-11T03:23:32.396Z [INFO]: Fetched 1 chats for user: 67a3c61a81211dd4d046f86f
2025-02-11T03:23:56.066Z [INFO]: Fetching all chats for user.
2025-02-11T03:23:56.232Z [INFO]: Fetched 1 chats for user: 67a3c61a81211dd4d046f86f
2025-02-11T03:23:56.313Z [INFO]: Fetching all chats for user.
2025-02-11T03:23:56.513Z [INFO]: Fetched 1 chats for user: 67a3c61a81211dd4d046f86f
2025-02-11T03:23:56.600Z [INFO]: Fetching all chats for user.
2025-02-11T03:23:56.761Z [INFO]: Fetched 1 chats for user: 67a3c61a81211dd4d046f86f
2025-02-11T03:24:08.045Z [INFO]: Starting chat creation process.
2025-02-11T03:24:08.045Z [INFO]: Checking for existing chat with documentId: 67aac0bbc1fc98e658333f0d
2025-02-11T03:24:08.133Z [INFO]: Existing chat found.
2025-02-11T03:24:32.583Z [INFO]: Starting chat creation process.
2025-02-11T03:24:32.584Z [INFO]: Checking for existing chat with documentId: 67aac0bbc1fc98e658333f0d
2025-02-11T03:24:32.786Z [INFO]: Chat created with ID: 67aac2f0c1fc98e658333fea
2025-02-11T03:24:32.868Z [INFO]: Chat added to user: 67a3c61a81211dd4d046f86f
2025-02-11T03:24:32.869Z [ERROR]: Error creating chat: Document is not defined
2025-02-11T03:26:24.360Z [INFO]: Starting chat creation process.
2025-02-11T03:26:24.360Z [INFO]: Checking for existing chat with documentId: 67aac0bbc1fc98e658333f0d
2025-02-11T03:26:24.525Z [INFO]: Chat created with ID: 67aac360c1fc98e658333fef
2025-02-11T03:26:24.612Z [INFO]: Chat added to user: 67a3c61a81211dd4d046f86f
2025-02-11T03:26:24.612Z [ERROR]: Error creating chat: Document is not defined
2025-02-11T03:36:58.392Z [INFO]: Starting chat creation process.
2025-02-11T03:36:58.392Z [INFO]: Checking for existing chat with documentId: 67aac0bbc1fc98e658333f0d
2025-02-11T03:36:58.472Z [INFO]: Existing chat found.
2025-02-11T03:36:58.566Z [INFO]: Attempting to send message to chat.
2025-02-11T03:36:58.647Z [INFO]: Added user message to chat ID: 67aac360c1fc98e658333fef
2025-02-11T03:36:59.586Z [INFO]: AI response added to chat.
2025-02-11T03:37:14.642Z [INFO]: Fetching all chats for user.
2025-02-11T03:37:14.816Z [INFO]: Fetched 1 chats for user: 67a3c61a81211dd4d046f86f
2025-02-11T03:37:14.897Z [INFO]: Fetching all chats for user.
2025-02-11T03:37:15.091Z [INFO]: Fetched 1 chats for user: 67a3c61a81211dd4d046f86f
2025-02-11T03:37:15.178Z [INFO]: Fetching all chats for user.
2025-02-11T03:37:15.356Z [INFO]: Fetched 1 chats for user: 67a3c61a81211dd4d046f86f
2025-02-11T03:37:23.037Z [INFO]: Fetching all chats for user.
2025-02-11T03:37:23.223Z [INFO]: Fetched 1 chats for user: 67a3c61a81211dd4d046f86f
2025-02-11T03:37:23.311Z [INFO]: Fetching all chats for user.
2025-02-11T03:37:23.569Z [INFO]: Fetched 1 chats for user: 67a3c61a81211dd4d046f86f
2025-02-11T03:37:23.662Z [INFO]: Fetching all chats for user.
2025-02-11T03:37:23.829Z [INFO]: Fetched 1 chats for user: 67a3c61a81211dd4d046f86f
2025-02-11T03:38:28.920Z [INFO]: Fetching all chats for user.
2025-02-11T03:38:29.107Z [INFO]: Fetched 1 chats for user: 67a3c61a81211dd4d046f86f
2025-02-11T03:38:29.195Z [INFO]: Fetching all chats for user.
2025-02-11T03:38:29.370Z [INFO]: Fetched 1 chats for user: 67a3c61a81211dd4d046f86f
2025-02-11T03:38:29.538Z [INFO]: Fetching all chats for user.
2025-02-11T03:38:29.722Z [INFO]: Fetched 1 chats for user: 67a3c61a81211dd4d046f86f
2025-02-11T03:39:52.984Z [INFO]: Fetching all chats for user.
2025-02-11T03:39:53.169Z [INFO]: Fetched 1 chats for user: 67a3c61a81211dd4d046f86f
2025-02-11T03:39:53.259Z [INFO]: Fetching all chats for user.
2025-02-11T03:39:53.516Z [INFO]: Fetched 1 chats for user: 67a3c61a81211dd4d046f86f
2025-02-11T03:39:53.608Z [INFO]: Fetching all chats for user.
2025-02-11T03:39:53.784Z [INFO]: Fetched 1 chats for user: 67a3c61a81211dd4d046f86f
2025-02-11T03:40:06.011Z [INFO]: Starting chat creation process.
2025-02-11T03:40:06.012Z [INFO]: Checking for existing chat with documentId: 67aac0bbc1fc98e658333f0d
2025-02-11T03:40:06.092Z [INFO]: Existing chat found.
2025-02-11T03:40:06.192Z [INFO]: Attempting to send message to chat.
2025-02-11T03:40:06.278Z [INFO]: Added user message to chat ID: 67aac360c1fc98e658333fef
2025-02-11T03:40:07.352Z [INFO]: AI response added to chat.
2025-02-11T03:42:16.902Z [INFO]: Starting chat creation process.
2025-02-11T03:42:16.902Z [INFO]: Checking for existing chat with documentId: 67aac0bbc1fc98e658333f0d
2025-02-11T03:42:16.990Z [INFO]: Existing chat found.
2025-02-11T03:42:17.159Z [INFO]: Attempting to send message to chat.
2025-02-11T03:42:17.243Z [INFO]: Added user message to chat ID: 67aac360c1fc98e658333fef
2025-02-11T03:42:18.291Z [INFO]: AI response added to chat.
2025-02-11T03:44:28.457Z [INFO]: Fetching all chats for user.
2025-02-11T03:44:28.682Z [INFO]: Fetched 1 chats for user: 67a3c61a81211dd4d046f86f
2025-02-11T03:44:28.784Z [INFO]: Fetching all chats for user.
2025-02-11T03:44:28.955Z [INFO]: Fetched 1 chats for user: 67a3c61a81211dd4d046f86f
2025-02-11T03:44:29.037Z [INFO]: Fetching all chats for user.
2025-02-11T03:44:29.287Z [INFO]: Fetched 1 chats for user: 67a3c61a81211dd4d046f86f
2025-02-11T03:44:39.959Z [INFO]: Fetching all chats for user.
2025-02-11T03:44:40.122Z [INFO]: Fetched 1 chats for user: 67a3c61a81211dd4d046f86f
2025-02-11T03:44:40.297Z [INFO]: Fetching all chats for user.
2025-02-11T03:44:40.465Z [INFO]: Fetched 1 chats for user: 67a3c61a81211dd4d046f86f
2025-02-11T03:44:40.548Z [INFO]: Fetching all chats for user.
2025-02-11T03:44:40.744Z [INFO]: Fetched 1 chats for user: 67a3c61a81211dd4d046f86f
2025-02-11T03:45:09.851Z [INFO]: Fetching all chats for user.
2025-02-11T03:45:10.103Z [INFO]: Fetched 1 chats for user: 67a3c61a81211dd4d046f86f
2025-02-11T03:45:10.197Z [INFO]: Fetching all chats for user.
2025-02-11T03:45:10.367Z [INFO]: Fetched 1 chats for user: 67a3c61a81211dd4d046f86f
2025-02-11T03:45:10.454Z [INFO]: Fetching all chats for user.
2025-02-11T03:45:10.721Z [INFO]: Fetched 1 chats for user: 67a3c61a81211dd4d046f86f
2025-02-11T03:45:59.040Z [INFO]: Fetching all chats for user.
2025-02-11T03:45:59.214Z [INFO]: Fetched 1 chats for user: 67a3c61a81211dd4d046f86f
2025-02-11T03:45:59.386Z [INFO]: Fetching all chats for user.
2025-02-11T03:45:59.569Z [INFO]: Fetched 1 chats for user: 67a3c61a81211dd4d046f86f
2025-02-11T03:45:59.651Z [INFO]: Fetching all chats for user.
2025-02-11T03:45:59.909Z [INFO]: Fetched 1 chats for user: 67a3c61a81211dd4d046f86f
2025-02-11T03:46:38.184Z [INFO]: Fetching all chats for user.
2025-02-11T03:46:38.375Z [INFO]: Fetched 1 chats for user: 67a3c61a81211dd4d046f86f
2025-02-11T03:46:38.458Z [INFO]: Fetching all chats for user.
2025-02-11T03:46:38.706Z [INFO]: Fetched 1 chats for user: 67a3c61a81211dd4d046f86f
2025-02-11T03:46:38.796Z [INFO]: Fetching all chats for user.
2025-02-11T03:46:38.981Z [INFO]: Fetched 1 chats for user: 67a3c61a81211dd4d046f86f
2025-02-11T03:49:19.796Z [INFO]: Fetching all chats for user.
2025-02-11T03:49:19.971Z [INFO]: Fetched 1 chats for user: 67a3c61a81211dd4d046f86f
2025-02-11T03:49:20.062Z [INFO]: Fetching all chats for user.
2025-02-11T03:49:20.283Z [INFO]: Fetched 1 chats for user: 67a3c61a81211dd4d046f86f
2025-02-11T03:49:20.374Z [INFO]: Fetching all chats for user.
2025-02-11T03:49:20.540Z [INFO]: Fetched 1 chats for user: 67a3c61a81211dd4d046f86f
2025-02-11T03:50:08.596Z [INFO]: Fetching all chats for user.
2025-02-11T03:50:08.777Z [INFO]: Fetched 1 chats for user: 67a3c61a81211dd4d046f86f
2025-02-11T03:50:08.950Z [INFO]: Fetching all chats for user.
2025-02-11T03:50:09.137Z [INFO]: Fetched 1 chats for user: 67a3c61a81211dd4d046f86f
2025-02-11T03:50:09.235Z [INFO]: Fetching all chats for user.
2025-02-11T03:50:09.475Z [INFO]: Fetched 1 chats for user: 67a3c61a81211dd4d046f86f
2025-02-11T03:50:34.336Z [INFO]: Fetching all chats for user.
2025-02-11T03:50:34.502Z [INFO]: Fetched 1 chats for user: 67a3c61a81211dd4d046f86f
2025-02-11T03:50:34.643Z [INFO]: Fetching all chats for user.
2025-02-11T03:50:34.827Z [INFO]: Fetched 1 chats for user: 67a3c61a81211dd4d046f86f
2025-02-11T03:50:34.914Z [INFO]: Fetching all chats for user.
2025-02-11T03:50:35.169Z [INFO]: Fetched 1 chats for user: 67a3c61a81211dd4d046f86f
2025-02-11T03:51:03.561Z [INFO]: Fetching all chats for user.
2025-02-11T03:51:03.741Z [INFO]: Fetched 1 chats for user: 67a3c61a81211dd4d046f86f
2025-02-11T03:51:03.828Z [INFO]: Fetching all chats for user.
2025-02-11T03:51:04.084Z [INFO]: Fetched 1 chats for user: 67a3c61a81211dd4d046f86f
2025-02-11T03:51:04.170Z [INFO]: Fetching all chats for user.
2025-02-11T03:51:04.339Z [INFO]: Fetched 1 chats for user: 67a3c61a81211dd4d046f86f
2025-02-11T03:53:50.560Z [INFO]: Fetching all chats for user.
2025-02-11T03:53:50.827Z [INFO]: Fetched 1 chats for user: 67a3c61a81211dd4d046f86f
2025-02-11T03:53:50.919Z [INFO]: Fetching all chats for user.
2025-02-11T03:53:51.093Z [INFO]: Fetched 1 chats for user: 67a3c61a81211dd4d046f86f
2025-02-11T03:53:51.250Z [INFO]: Fetching all chats for user.
2025-02-11T03:53:51.431Z [INFO]: Fetched 1 chats for user: 67a3c61a81211dd4d046f86f
2025-02-11T03:54:26.473Z [INFO]: Fetching all chats for user.
2025-02-11T03:54:26.642Z [INFO]: Fetched 1 chats for user: 67a3c61a81211dd4d046f86f
2025-02-11T03:54:26.733Z [INFO]: Fetching all chats for user.
2025-02-11T03:54:26.980Z [INFO]: Fetched 1 chats for user: 67a3c61a81211dd4d046f86f
2025-02-11T03:54:27.063Z [INFO]: Fetching all chats for user.
2025-02-11T03:54:27.231Z [INFO]: Fetched 1 chats for user: 67a3c61a81211dd4d046f86f
2025-02-11T03:55:42.926Z [INFO]: Attempting to send message to chat.
2025-02-11T03:55:43.015Z [INFO]: Added user message to chat ID: 67aac360c1fc98e658333fef
2025-02-11T03:55:44.071Z [INFO]: AI response added to chat.
2025-02-11T03:55:56.556Z [INFO]: Fetching all chats for user.
2025-02-11T03:55:56.727Z [INFO]: Fetched 1 chats for user: 67a3c61a81211dd4d046f86f
2025-02-11T03:55:56.811Z [INFO]: Fetching all chats for user.
2025-02-11T03:55:56.977Z [INFO]: Fetched 1 chats for user: 67a3c61a81211dd4d046f86f
2025-02-11T03:55:57.094Z [INFO]: Fetching all chats for user.
2025-02-11T03:55:57.257Z [INFO]: Fetched 1 chats for user: 67a3c61a81211dd4d046f86f
2025-02-11T03:56:30.737Z [INFO]: Attempting to send message to chat.
2025-02-11T03:56:30.818Z [INFO]: Added user message to chat ID: 67aac360c1fc98e658333fef
2025-02-11T03:56:31.800Z [INFO]: AI response added to chat.
2025-02-11T03:57:46.448Z [INFO]: Fetching all chats for user.
2025-02-11T03:57:46.699Z [INFO]: Fetched 1 chats for user: 67a3c61a81211dd4d046f86f
2025-02-11T03:57:46.791Z [INFO]: Fetching all chats for user.
2025-02-11T03:57:46.956Z [INFO]: Fetched 1 chats for user: 67a3c61a81211dd4d046f86f
2025-02-11T03:57:47.039Z [INFO]: Fetching all chats for user.
2025-02-11T03:57:47.300Z [INFO]: Fetched 1 chats for user: 67a3c61a81211dd4d046f86f
2025-02-11T03:57:59.921Z [INFO]: Attempting to send message to chat.
2025-02-11T03:58:00.007Z [INFO]: Added user message to chat ID: 67aac360c1fc98e658333fef
2025-02-11T03:58:00.946Z [INFO]: AI response added to chat.
2025-02-11T04:00:16.638Z [INFO]: Fetching all chats for user.
2025-02-11T04:00:16.825Z [INFO]: Fetched 1 chats for user: 67a3c61a81211dd4d046f86f
2025-02-11T04:00:16.921Z [INFO]: Fetching all chats for user.
2025-02-11T04:00:17.162Z [INFO]: Fetched 1 chats for user: 67a3c61a81211dd4d046f86f
2025-02-11T04:00:17.256Z [INFO]: Fetching all chats for user.
2025-02-11T04:00:17.429Z [INFO]: Fetched 1 chats for user: 67a3c61a81211dd4d046f86f
2025-02-11T04:00:33.489Z [INFO]: Attempting to send message to chat.
2025-02-11T04:00:33.571Z [INFO]: Added user message to chat ID: 67aac360c1fc98e658333fef
2025-02-11T04:00:34.628Z [INFO]: AI response added to chat.
2025-02-11T04:04:15.534Z [INFO]: Attempting to send message to chat.
2025-02-11T04:04:15.624Z [INFO]: Added user message to chat ID: 67aac360c1fc98e658333fef
2025-02-11T04:04:16.605Z [INFO]: AI response added to chat.
2025-02-11T04:08:00.197Z [INFO]: Attempting to send message to chat.
2025-02-11T04:08:00.279Z [INFO]: Added user message to chat ID: 67aac360c1fc98e658333fef
2025-02-11T04:08:01.378Z [INFO]: AI response added to chat.
2025-02-11T04:08:18.023Z [INFO]: Fetching all chats for user.
2025-02-11T04:08:18.191Z [INFO]: Fetched 1 chats for user: 67a3c61a81211dd4d046f86f
2025-02-11T04:08:18.276Z [INFO]: Fetching all chats for user.
2025-02-11T04:08:18.470Z [INFO]: Fetched 1 chats for user: 67a3c61a81211dd4d046f86f
2025-02-11T04:08:18.568Z [INFO]: Fetching all chats for user.
2025-02-11T04:08:18.734Z [INFO]: Fetched 1 chats for user: 67a3c61a81211dd4d046f86f
2025-02-11T04:11:13.583Z [INFO]: Attempting to send message to chat.
2025-02-11T04:11:13.674Z [INFO]: Added user message to chat ID: 67aac360c1fc98e658333fef
2025-02-11T04:11:14.631Z [INFO]: AI response added to chat.
2025-02-11T04:11:27.598Z [INFO]: Attempting to send message to chat.
2025-02-11T04:11:27.739Z [INFO]: Added user message to chat ID: 67aac360c1fc98e658333fef
2025-02-11T04:11:28.652Z [INFO]: AI response added to chat.
2025-02-11T04:12:06.766Z [INFO]: Attempting to send message to chat.
2025-02-11T04:12:06.859Z [INFO]: Added user message to chat ID: 67aac360c1fc98e658333fef
2025-02-11T04:12:07.794Z [INFO]: AI response added to chat.
2025-02-11T04:12:18.073Z [INFO]: Attempting to send message to chat.
2025-02-11T04:12:18.165Z [INFO]: Added user message to chat ID: 67aac360c1fc98e658333fef
2025-02-11T04:12:19.238Z [INFO]: AI response added to chat.
2025-02-11T04:13:00.542Z [INFO]: Attempting to send message to chat.
2025-02-11T04:13:00.626Z [INFO]: Added user message to chat ID: 67aac360c1fc98e658333fef
2025-02-11T04:13:01.371Z [INFO]: AI response added to chat.
2025-02-11T04:13:44.469Z [INFO]: Attempting to send message to chat.
2025-02-11T04:13:44.584Z [INFO]: Added user message to chat ID: 67aac360c1fc98e658333fef
2025-02-11T04:13:45.483Z [INFO]: AI response added to chat.
2025-02-11T04:14:16.290Z [INFO]: Attempting to send message to chat.
2025-02-11T04:14:16.383Z [INFO]: Added user message to chat ID: 67aac360c1fc98e658333fef
2025-02-11T04:14:17.202Z [INFO]: AI response added to chat.
2025-02-11T04:14:31.850Z [INFO]: Attempting to send message to chat.
2025-02-11T04:14:31.944Z [INFO]: Added user message to chat ID: 67aac360c1fc98e658333fef
2025-02-11T04:14:33.065Z [INFO]: AI response added to chat.
2025-02-11T04:16:48.088Z [INFO]: Attempting to send message to chat.
2025-02-11T04:16:48.179Z [INFO]: Added user message to chat ID: 67aac360c1fc98e658333fef
2025-02-11T04:16:49.295Z [INFO]: AI response added to chat.
2025-02-11T04:17:12.531Z [INFO]: Attempting to send message to chat.
2025-02-11T04:17:12.625Z [INFO]: Added user message to chat ID: 67aac360c1fc98e658333fef
2025-02-11T04:17:14.302Z [INFO]: AI response added to chat.
2025-02-11T04:17:26.883Z [INFO]: Attempting to send message to chat.
2025-02-11T04:17:26.967Z [INFO]: Added user message to chat ID: 67aac360c1fc98e658333fef
2025-02-11T04:17:28.016Z [INFO]: AI response added to chat.
2025-02-11T04:21:22.405Z [INFO]: Attempting to send message to chat.
2025-02-11T04:21:22.488Z [INFO]: Added user message to chat ID: 67aac360c1fc98e658333fef
2025-02-11T04:21:23.544Z [INFO]: AI response added to chat.
2025-02-11T04:22:12.901Z [INFO]: Attempting to send message to chat.
2025-02-11T04:22:12.989Z [INFO]: Added user message to chat ID: 67aac360c1fc98e658333fef
2025-02-11T04:22:14.296Z [INFO]: AI response added to chat.
2025-02-11T04:22:53.644Z [INFO]: Attempting to send message to chat.
2025-02-11T04:22:53.738Z [INFO]: Added user message to chat ID: 67aac360c1fc98e658333fef
2025-02-11T04:22:54.778Z [INFO]: AI response added to chat.
2025-02-11T04:23:37.720Z [INFO]: Attempting to send message to chat.
2025-02-11T04:23:37.810Z [INFO]: Added user message to chat ID: 67aac360c1fc98e658333fef
2025-02-11T04:23:38.862Z [INFO]: AI response added to chat.
2025-02-11T04:53:18.820Z [INFO]: Attempting to send message to chat.
2025-02-11T04:53:18.913Z [INFO]: Added user message to chat ID: 67aac360c1fc98e658333fef
2025-02-11T04:53:20.138Z [INFO]: AI response added to chat.
